0 info it worked if it ends with ok
1 verbose cli [ '/usr/local/bin/node', '/usr/local/bin/npm', 'run', 'dev' ]
2 info using npm@1.4.9
3 info using node@v0.10.28
4 verbose run-script [ 'predev', 'dev', 'postdev' ]
5 info predev prism@0.0.0
6 info dev prism@0.0.0
7 verbose unsafe-perm in lifecycle true
8 info prism@0.0.0 Failed to exec dev script
9 error prism@0.0.0 dev: `meteor --settings settings.json`
9 error Exit status 254
10 error Failed at the prism@0.0.0 dev script.
10 error This is most likely a problem with the prism package,
10 error not with npm itself.
10 error Tell the author that this fails on your system:
10 error     meteor --settings settings.json
10 error You can get their info via:
10 error     npm owner ls prism
10 error There is likely additional logging output above.
11 error System Darwin 14.3.0
12 error command "/usr/local/bin/node" "/usr/local/bin/npm" "run" "dev"
13 error cwd /Users/ksespinola/Projects/prism
14 error node -v v0.10.28
15 error npm -v 1.4.9
16 error code ELIFECYCLE
17 verbose exit [ 1, true ]
